<?xml version="1.0" encoding="UTF-8"?>
<testng-results ignored="0" total="2" passed="2" failed="0" skipped="0">
  <reporter-output>
  </reporter-output>
  <suite started-at="2022-05-04T21:55:20 IST" name="Default suite" finished-at="2022-05-04T21:55:20 IST" duration-ms="171">
    <groups>
    </groups>
    <test started-at="2022-05-04T21:55:20 IST" name="Default test" finished-at="2022-05-04T21:55:20 IST" duration-ms="171">
      <class name="Test_NG.NewTest1">
        <test-method signature="test()[pri:0, instance:Test_NG.NewTest1@10959ece]" started-at="2022-05-04T21:55:20 IST" name="test" finished-at="2022-05-04T21:55:20 IST" duration-ms="28" status="PASS">
          <reporter-output>
          </reporter-output>
        </test-method> <!-- test -->
        <test-method signature="test1()[pri:0, instance:Test_NG.NewTest1@10959ece]" started-at="2022-05-04T21:55:20 IST" name="test1" finished-at="2022-05-04T21:55:20 IST" duration-ms="10" status="PASS">
          <reporter-output>
          </reporter-output>
        </test-method> <!-- test1 -->
      </class> <!-- Test_NG.NewTest1 -->
    </test> <!-- Default test -->
  </suite> <!-- Default suite -->
</testng-results>
